<?xml version="1.0" encoding="UTF-8"?>
<!-- Generated by org.testng.reporters.JUnitReportReporter -->
<testsuite skipped="0" hostname="DESKTOP-95O0H65" name="testcases.EditLead" tests="4" failures="0" timestamp="2019-10-05T13:01:00 IST" time="86.228" errors="0">
  <testcase name="editlead" time="22.908" classname="testcases.EditLead"/>
  <testcase name="editlead" time="23.415" classname="testcases.EditLead"/>
  <testcase name="editlead" time="19.461" classname="testcases.EditLead"/>
  <testcase name="editlead" time="20.444" classname="testcases.EditLead"/>
</testsuite> <!-- testcases.EditLead -->
