<?xml version="1.0" encoding="UTF-8"?>
<!-- Generated by org.testng.reporters.JUnitReportReporter -->
<testsuite skipped="0" hostname="DESKTOP-95O0H65" name="testcases.CreateLead" tests="10" failures="0" timestamp="2019-09-30T16:15:53 IST" time="257.296" errors="0">
  <testcase name="createlead" time="23.204" classname="testcases.CreateLead"/>
  <testcase name="createlead" time="21.774" classname="testcases.CreateLead"/>
  <testcase name="createlead" time="25.415" classname="testcases.CreateLead"/>
  <testcase name="createlead" time="23.393" classname="testcases.CreateLead"/>
  <testcase name="createlead" time="24.790" classname="testcases.CreateLead"/>
  <testcase name="createlead" time="25.683" classname="testcases.CreateLead"/>
  <testcase name="createlead" time="25.079" classname="testcases.CreateLead"/>
  <testcase name="createlead" time="37.635" classname="testcases.CreateLead"/>
  <testcase name="createlead" time="27.178" classname="testcases.CreateLead"/>
  <testcase name="createlead" time="23.145" classname="testcases.CreateLead"/>
</testsuite> <!-- testcases.CreateLead -->
